Build started 16-08-2015 19:41:46.
     1>Project "C:\Users\AMON\Desktop\MUIC_Study_Content\Programing\Programing 1\Game_Project\file\file\file.vcxproj" on node 2 (Build target(s)).
     1>ClCompile:
         C:\Program Files (x86)\Microsoft Visual Studio 12.0\VC\bin\CL.exe /c /ZI /nologo /W3 /WX- /Od /Oy- /D _MBCS /Gm /EHsc /RTC1 /MDd /GS /fp:precise /Zc:wchar_t /Zc:forScope /Fo"Debug\\" /Fd"Debug\vc120.pdb" /Gd /TP /analyze- /errorReport:prompt file.cpp
         file.cpp
     1>c:\users\amon\desktop\muic_study_content\programing\programing 1\game_project\file\file\file.cpp(91): warning C4996: 'getch': The POSIX name for this item is deprecated. Instead, use the ISO C++ conformant name: _getch. See online help for details.
                 c:\program files (x86)\microsoft visual studio 12.0\vc\include\conio.h(131) : see declaration of 'getch'
     1>c:\users\amon\desktop\muic_study_content\programing\programing 1\game_project\file\file\file.cpp(202): warning C4244: 'argument' : conversion from 'time_t' to 'unsigned int', possible loss of data
     1>c:\users\amon\desktop\muic_study_content\programing\programing 1\game_project\file\file\file.cpp(237): warning C4996: 'cprintf': The POSIX name for this item is deprecated. Instead, use the ISO C++ conformant name: _cprintf. See online help for details.
                 c:\program files (x86)\microsoft visual studio 12.0\vc\include\conio.h(123) : see declaration of 'cprintf'
     1>c:\users\amon\desktop\muic_study_content\programing\programing 1\game_project\file\file\file.cpp(273): warning C4996: 'getch': The POSIX name for this item is deprecated. Instead, use the ISO C++ conformant name: _getch. See online help for details.
                 c:\program files (x86)\microsoft visual studio 12.0\vc\include\conio.h(131) : see declaration of 'getch'
     1>c:\users\amon\desktop\muic_study_content\programing\programing 1\game_project\file\file\file.cpp(274): warning C4996: 'getch': The POSIX name for this item is deprecated. Instead, use the ISO C++ conformant name: _getch. See online help for details.
                 c:\program files (x86)\microsoft visual studio 12.0\vc\include\conio.h(131) : see declaration of 'getch'
     1>c:\users\amon\desktop\muic_study_content\programing\programing 1\game_project\file\file\file.cpp(290): warning C4244: 'argument' : conversion from 'time_t' to 'unsigned int', possible loss of data
     1>c:\users\amon\desktop\muic_study_content\programing\programing 1\game_project\file\file\file.cpp(336): warning C4996: 'getch': The POSIX name for this item is deprecated. Instead, use the ISO C++ conformant name: _getch. See online help for details.
                 c:\program files (x86)\microsoft visual studio 12.0\vc\include\conio.h(131) : see declaration of 'getch'
     1>c:\users\amon\desktop\muic_study_content\programing\programing 1\game_project\file\file\file.cpp(347): warning C4996: 'getch': The POSIX name for this item is deprecated. Instead, use the ISO C++ conformant name: _getch. See online help for details.
                 c:\program files (x86)\microsoft visual studio 12.0\vc\include\conio.h(131) : see declaration of 'getch'
     1>c:\users\amon\desktop\muic_study_content\programing\programing 1\game_project\file\file\file.cpp(353): warning C4996: 'getch': The POSIX name for this item is deprecated. Instead, use the ISO C++ conformant name: _getch. See online help for details.
                 c:\program files (x86)\microsoft visual studio 12.0\vc\include\conio.h(131) : see declaration of 'getch'
     1>c:\users\amon\desktop\muic_study_content\programing\programing 1\game_project\file\file\file.cpp(359): warning C4996: 'getch': The POSIX name for this item is deprecated. Instead, use the ISO C++ conformant name: _getch. See online help for details.
                 c:\program files (x86)\microsoft visual studio 12.0\vc\include\conio.h(131) : see declaration of 'getch'
     1>c:\users\amon\desktop\muic_study_content\programing\programing 1\game_project\file\file\file.cpp(409): warning C4996: 'getch': The POSIX name for this item is deprecated. Instead, use the ISO C++ conformant name: _getch. See online help for details.
                 c:\program files (x86)\microsoft visual studio 12.0\vc\include\conio.h(131) : see declaration of 'getch'
     1>c:\users\amon\desktop\muic_study_content\programing\programing 1\game_project\file\file\file.cpp(438): warning C4996: 'getch': The POSIX name for this item is deprecated. Instead, use the ISO C++ conformant name: _getch. See online help for details.
                 c:\program files (x86)\microsoft visual studio 12.0\vc\include\conio.h(131) : see declaration of 'getch'
       Link:
         C:\Program Files (x86)\Microsoft Visual Studio 12.0\VC\bin\link.exe /ERRORREPORT:PROMPT /OUT:"C:\Users\AMON\Desktop\MUIC_Study_Content\Programing\Programing 1\Game_Project\file\Debug\file.exe" /INCREMENTAL /NOLOGO kernel32.lib user32.lib gdi32.lib winspool.lib comdlg32.lib advapi32.lib shell32.lib ole32.lib oleaut32.lib uuid.lib odbc32.lib odbccp32.lib /MANIFEST /MANIFESTUAC:"level='asInvoker' uiAccess='false'" /manifest:embed /DEBUG /PDB:"C:\Users\AMON\Desktop\MUIC_Study_Content\Programing\Programing 1\Game_Project\file\Debug\file.pdb" /TLBID:1 /DYNAMICBASE /NXCOMPAT /IMPLIB:"C:\Users\AMON\Desktop\MUIC_Study_Content\Programing\Programing 1\Game_Project\file\Debug\file.lib" /MACHINE:X86 Debug\file.obj
         file.vcxproj -> C:\Users\AMON\Desktop\MUIC_Study_Content\Programing\Programing 1\Game_Project\file\Debug\file.exe
     1>Done Building Project "C:\Users\AMON\Desktop\MUIC_Study_Content\Programing\Programing 1\Game_Project\file\file\file.vcxproj" (Build target(s)).

Build succeeded.

Time Elapsed 00:00:01.54
